c:\users\aoi\source\repos\mfc_pratice\mfc_project\x64\debug\vc143.pdb
c:\users\aoi\source\repos\mfc_pratice\mfc_project\x64\debug\vc143.idb
c:\users\aoi\source\repos\mfc_pratice\mfc_project\x64\debug\setting_dialog.obj
c:\users\aoi\source\repos\mfc_pratice\mfc_project\x64\debug\mydialog.obj
c:\users\aoi\source\repos\mfc_pratice\mfc_project\x64\debug\sockets.obj
c:\users\aoi\source\repos\mfc_pratice\mfc_project\x64\debug\myapp.obj
c:\users\aoi\source\repos\mfc_pratice\mfc_project\x64\debug\sharedmemory.obj
c:\users\aoi\source\repos\mfc_pratice\mfc_project\x64\debug\ini_manager.obj
c:\users\aoi\source\repos\mfc_pratice\mfc_project\x64\debug\dialog.obj
c:\users\aoi\source\repos\mfc_pratice\mfc_project\x64\debug\modeless_windows.obj
c:\users\aoi\source\repos\mfc_pratice\x64\debug\mfc_project.exe
c:\users\aoi\source\repos\mfc_pratice\x64\debug\mfc_project.pdb
c:\users\aoi\source\repos\mfc_project\mfc_project\x64\debug\resource.res
c:\users\aoi\source\repos\mfc_pratice\mfc_project\x64\debug\resource.res
c:\users\aoi\source\repos\mfc_pratice\mfc_project\x64\debug\mfc_project.ilk
c:\users\aoi\source\repos\mfc_pratice\mfc_project\x64\debug\config_reader.obj
c:\users\aoi\source\repos\mfc_pratice\mfc_project\x64\debug\imagecombobox.obj
c:\users\aoi\source\repos\mfc_pratice\mfc_project\x64\debug\imagelistbox.obj
c:\users\aoi\source\repos\mfc_pratice\mfc_project\x64\debug\mypage.obj
c:\users\aoi\source\repos\mfc_pratice\mfc_project\x64\debug\mysheet.obj
c:\users\aoi\source\repos\mfc_pratice\mfc_project\x64\debug\mystatic.obj
c:\users\aoi\source\repos\mfc_pratice\mfc_project\x64\debug\non_modal_cdialog.obj
c:\users\aoi\source\repos\mfc_pratice\mfc_project\x64\debug\test_dialog.obj
c:\users\aoi\source\repos\mfc_pratice\mfc_project\x64\debug\mfc_project.tlog\cl.command.1.tlog
c:\users\aoi\source\repos\mfc_pratice\mfc_project\x64\debug\mfc_project.tlog\cl.items.tlog
c:\users\aoi\source\repos\mfc_pratice\mfc_project\x64\debug\mfc_project.tlog\cl.read.1.tlog
c:\users\aoi\source\repos\mfc_pratice\mfc_project\x64\debug\mfc_project.tlog\cl.write.1.tlog
c:\users\aoi\source\repos\mfc_pratice\mfc_project\x64\debug\mfc_project.tlog\link.command.1.tlog
c:\users\aoi\source\repos\mfc_pratice\mfc_project\x64\debug\mfc_project.tlog\link.read.1.tlog
c:\users\aoi\source\repos\mfc_pratice\mfc_project\x64\debug\mfc_project.tlog\link.secondary.1.tlog
c:\users\aoi\source\repos\mfc_pratice\mfc_project\x64\debug\mfc_project.tlog\link.write.1.tlog
c:\users\aoi\source\repos\mfc_pratice\mfc_project\x64\debug\mfc_project.tlog\rc.command.1.tlog
c:\users\aoi\source\repos\mfc_pratice\mfc_project\x64\debug\mfc_project.tlog\rc.read.1.tlog
c:\users\aoi\source\repos\mfc_pratice\mfc_project\x64\debug\mfc_project.tlog\rc.write.1.tlog
